# JRE version: Java(TM) SE Runtime Environment (8.0_181-b13) (build 1.8.0_181-b13)
# Java VM: Java HotSpot(TM) 64-Bit Server VM (25.181-b13 mixed mode windows-amd64 compressed oops)
Heap:
 PSYoungGen      total 641536K, used 465036K [0x000000076ab00000, 0x0000000796e80000, 0x00000007c0000000)
  eden space 639488K, 72% used [0x000000076ab00000,0x0000000786f99f50,0x0000000791b80000)
  from space 2048K, 76% used [0x0000000793500000,0x00000007936890e0,0x0000000793700000)
  to   space 36864K, 0% used [0x0000000794a80000,0x0000000794a80000,0x0000000796e80000)
 ParOldGen       total 215552K, used 28548K [0x00000006c0000000, 0x00000006cd280000, 0x000000076ab00000)
  object space 215552K, 13% used [0x00000006c0000000,0x00000006c1be1248,0x00000006cd280000)
 Metaspace       used 59157K, capacity 61505K, committed 61592K, reserved 1103872K
  class space    used 7141K, capacity 7579K, committed 7600K, reserved 1048576K
GC Heap History (10 events):
Event: 157.754 GC heap before
{Heap before GC invocations=12 (full 3):
 PSYoungGen      total 479232K, used 16420K [0x000000076ab00000, 0x0000000791080000, 0x00000007c0000000)
  eden space 442880K, 0% used [0x000000076ab00000,0x000000076ab00000,0x0000000785b80000)
  from space 36352K, 45% used [0x0000000785b80000,0x0000000786b892c0,0x0000000787f00000)
  to   space 34816K, 0% used [0x000000078ee80000,0x000000078ee80000,0x0000000791080000)
 ParOldGen       total 177664K, used 28271K [0x00000006c0000000, 0x00000006cad80000, 0x000000076ab00000)
  object space 177664K, 15% used [0x00000006c0000000,0x00000006c1b9bfd0,0x00000006cad80000)
 Metaspace       used 56716K, capacity 59002K, committed 59160K, reserved 1101824K
  class space    used 6951K, capacity 7393K, committed 7472K, reserved 1048576K
Event: 157.952 GC heap after
Heap after GC invocations=12 (full 3):
 PSYoungGen      total 479232K, used 0K [0x000000076ab00000, 0x0000000791080000, 0x00000007c0000000)
  eden space 442880K, 0% used [0x000000076ab00000,0x000000076ab00000,0x0000000785b80000)
  from space 36352K, 0% used [0x0000000785b80000,0x0000000785b80000,0x0000000787f00000)
  to   space 34816K, 0% used [0x000000078ee80000,0x000000078ee80000,0x0000000791080000)
 ParOldGen       total 215552K, used 28524K [0x00000006c0000000, 0x00000006cd280000, 0x000000076ab00000)
  object space 215552K, 13% used [0x00000006c0000000,0x00000006c1bdb248,0x00000006cd280000)
 Metaspace       used 56716K, capacity 59002K, committed 59160K, reserved 1101824K
  class space    used 6951K, capacity 7393K, committed 7472K, reserved 1048576K
}
Event: 755.969 GC heap before
{Heap before GC invocations=13 (full 3):
 PSYoungGen      total 479232K, used 442880K [0x000000076ab00000, 0x0000000791080000, 0x00000007c0000000)
  eden space 442880K, 100% used [0x000000076ab00000,0x0000000785b80000,0x0000000785b80000)
  from space 36352K, 0% used [0x0000000785b80000,0x0000000785b80000,0x0000000787f00000)
  to   space 34816K, 0% used [0x000000078ee80000,0x000000078ee80000,0x0000000791080000)
 ParOldGen       total 215552K, used 28524K [0x00000006c0000000, 0x00000006cd280000, 0x000000076ab00000)
  object space 215552K, 13% used [0x00000006c0000000,0x00000006c1bdb248,0x00000006cd280000)
 Metaspace       used 57452K, capacity 59724K, committed 59928K, reserved 1101824K
  class space    used 6958K, capacity 7396K, committed 7472K, reserved 1048576K
Event: 755.973 GC heap after
Heap after GC invocations=13 (full 3):
 PSYoungGen      total 592384K, used 256K [0x000000076ab00000, 0x0000000791880000, 0x00000007c0000000)
  eden space 557568K, 0% used [0x000000076ab00000,0x000000076ab00000,0x000000078cb80000)
  from space 34816K, 0% used [0x000000078ee80000,0x000000078eec0000,0x0000000791080000)
  to   space 35840K, 0% used [0x000000078cb80000,0x000000078cb80000,0x000000078ee80000)
 ParOldGen       total 215552K, used 28532K [0x00000006c0000000, 0x00000006cd280000, 0x000000076ab00000)
  object space 215552K, 13% used [0x00000006c0000000,0x00000006c1bdd248,0x00000006cd280000)
 Metaspace       used 57452K, capacity 59724K, committed 59928K, reserved 1101824K
  class space    used 6958K, capacity 7396K, committed 7472K, reserved 1048576K
}
Event: 1583.894 GC heap before
{Heap before GC invocations=14 (full 3):
 PSYoungGen      total 592384K, used 557824K [0x000000076ab00000, 0x0000000791880000, 0x00000007c0000000)
  eden space 557568K, 100% used [0x000000076ab00000,0x000000078cb80000,0x000000078cb80000)
  from space 34816K, 0% used [0x000000078ee80000,0x000000078eec0000,0x0000000791080000)
  to   space 35840K, 0% used [0x000000078cb80000,0x000000078cb80000,0x000000078ee80000)
 ParOldGen       total 215552K, used 28532K [0x00000006c0000000, 0x00000006cd280000, 0x000000076ab00000)
  object space 215552K, 13% used [0x00000006c0000000,0x00000006c1bdd248,0x00000006cd280000)
 Metaspace       used 57568K, capacity 59878K, committed 60184K, reserved 1101824K
  class space    used 6967K, capacity 7411K, committed 7472K, reserved 1048576K
Event: 1583.898 GC heap after
Heap after GC invocations=14 (full 3):
 PSYoungGen      total 593408K, used 208K [0x000000076ab00000, 0x0000000799200000, 0x00000007c0000000)
  eden space 557568K, 0% used [0x000000076ab00000,0x000000076ab00000,0x000000078cb80000)
  from space 35840K, 0% used [0x000000078cb80000,0x000000078cbb4230,0x000000078ee80000)
  to   space 36864K, 0% used [0x0000000796e00000,0x0000000796e00000,0x0000000799200000)
 ParOldGen       total 215552K, used 28540K [0x00000006c0000000, 0x00000006cd280000, 0x000000076ab00000)
  object space 215552K, 13% used [0x00000006c0000000,0x00000006c1bdf248,0x00000006cd280000)
 Metaspace       used 57568K, capacity 59878K, committed 60184K, reserved 1101824K
  class space    used 6967K, capacity 7411K, committed 7472K, reserved 1048576K
}
Event: 2414.307 GC heap before
{Heap before GC invocations=15 (full 3):
 PSYoungGen      total 593408K, used 557776K [0x000000076ab00000, 0x0000000799200000, 0x00000007c0000000)
  eden space 557568K, 100% used [0x000000076ab00000,0x000000078cb80000,0x000000078cb80000)
  from space 35840K, 0% used [0x000000078cb80000,0x000000078cbb4230,0x000000078ee80000)
  to   space 36864K, 0% used [0x0000000796e00000,0x0000000796e00000,0x0000000799200000)
 ParOldGen       total 215552K, used 28540K [0x00000006c0000000, 0x00000006cd280000, 0x000000076ab00000)
  object space 215552K, 13% used [0x00000006c0000000,0x00000006c1bdf248,0x00000006cd280000)
 Metaspace       used 57581K, capacity 59878K, committed 60184K, reserved 1101824K
  class space    used 6968K, capacity 7411K, committed 7472K, reserved 1048576K
Event: 2414.311 GC heap after
Heap after GC invocations=15 (full 3):
 PSYoungGen      total 681984K, used 256K [0x000000076ab00000, 0x0000000797e00000, 0x00000007c0000000)
  eden space 665600K, 0% used [0x000000076ab00000,0x000000076ab00000,0x0000000793500000)
  from space 16384K, 1% used [0x0000000796e00000,0x0000000796e40000,0x0000000797e00000)
  to   space 37376K, 0% used [0x0000000793500000,0x0000000793500000,0x0000000795980000)
 ParOldGen       total 215552K, used 28540K [0x00000006c0000000, 0x00000006cd280000, 0x000000076ab00000)
  object space 215552K, 13% used [0x00000006c0000000,0x00000006c1bdf248,0x00000006cd280000)
 Metaspace       used 57581K, capacity 59878K, committed 60184K, reserved 1101824K
  class space    used 6968K, capacity 7411K, committed 7472K, reserved 1048576K
}
Event: 3396.431 GC heap before
{Heap before GC invocations=16 (full 3):
 PSYoungGen      total 681984K, used 665856K [0x000000076ab00000, 0x0000000797e00000, 0x00000007c0000000)
  eden space 665600K, 100% used [0x000000076ab00000,0x0000000793500000,0x0000000793500000)
  from space 16384K, 1% used [0x0000000796e00000,0x0000000796e40000,0x0000000797e00000)
  to   space 37376K, 0% used [0x0000000793500000,0x0000000793500000,0x0000000795980000)
 ParOldGen       total 215552K, used 28540K [0x00000006c0000000, 0x00000006cd280000, 0x000000076ab00000)
  object space 215552K, 13% used [0x00000006c0000000,0x00000006c1bdf248,0x00000006cd280000)
 Metaspace       used 59116K, capacity 61435K, committed 61592K, reserved 1103872K
  class space    used 7138K, capacity 7578K, committed 7600K, reserved 1048576K
Event: 3396.437 GC heap after
Heap after GC invocations=16 (full 3):
 PSYoungGen      total 641536K, used 1572K [0x000000076ab00000, 0x0000000796e80000, 0x00000007c0000000)
  eden space 639488K, 0% used [0x000000076ab00000,0x000000076ab00000,0x0000000791b80000)
  from space 2048K, 76% used [0x0000000793500000,0x00000007936890e0,0x0000000793700000)
  to   space 36864K, 0% used [0x0000000794a80000,0x0000000794a80000,0x0000000796e80000)
 ParOldGen       total 215552K, used 28548K [0x00000006c0000000, 0x00000006cd280000, 0x000000076ab00000)
  object space 215552K, 13% used [0x00000006c0000000,0x00000006c1be1248,0x00000006cd280000)
 Metaspace       used 59116K, capacity 61435K, committed 61592K, reserved 1103872K
  class space    used 7138K, capacity 7578K, committed 7600K, reserved 1048576K
}

