# JRE version: Java(TM) SE Runtime Environment (8.0_181-b13) (build 1.8.0_181-b13)
# Java VM: Java HotSpot(TM) 64-Bit Server VM (25.181-b13 mixed mode windows-amd64 compressed oops)
Heap:
 PSYoungGen      total 567808K, used 283171K [0x000000076ab00000, 0x0000000795900000, 0x00000007c0000000)
  eden space 541184K, 51% used [0x000000076ab00000,0x000000077b9bbca8,0x000000078bb80000)
  from space 26624K, 22% used [0x000000078bb80000,0x000000078c14cfe0,0x000000078d580000)
  to   space 26112K, 0% used [0x0000000793f80000,0x0000000793f80000,0x0000000795900000)
 ParOldGen       total 190464K, used 33243K [0x00000006c0000000, 0x00000006cba00000, 0x000000076ab00000)
  object space 190464K, 17% used [0x00000006c0000000,0x00000006c2076f80,0x00000006cba00000)
 Metaspace       used 62326K, capacity 64830K, committed 65048K, reserved 1105920K
  class space    used 7412K, capacity 7860K, committed 7984K, reserved 1048576K
GC Heap History (10 events):
Event: 81.594 GC heap before
{Heap before GC invocations=14 (full 3):
 PSYoungGen      total 357376K, used 10726K [0x000000076ab00000, 0x0000000788780000, 0x00000007c0000000)
  eden space 330752K, 0% used [0x000000076ab00000,0x000000076ab00000,0x000000077ee00000)
  from space 26624K, 40% used [0x000000077ee00000,0x000000077f879810,0x0000000780800000)
  to   space 26112K, 0% used [0x0000000786e00000,0x0000000786e00000,0x0000000788780000)
 ParOldGen       total 155136K, used 35320K [0x00000006c0000000, 0x00000006c9780000, 0x000000076ab00000)
  object space 155136K, 22% used [0x00000006c0000000,0x00000006c227e330,0x00000006c9780000)
 Metaspace       used 56609K, capacity 58880K, committed 59160K, reserved 1101824K
  class space    used 6957K, capacity 7394K, committed 7472K, reserved 1048576K
Event: 81.777 GC heap after
Heap after GC invocations=14 (full 3):
 PSYoungGen      total 357376K, used 0K [0x000000076ab00000, 0x0000000788780000, 0x00000007c0000000)
  eden space 330752K, 0% used [0x000000076ab00000,0x000000076ab00000,0x000000077ee00000)
  from space 26624K, 0% used [0x000000077ee00000,0x000000077ee00000,0x0000000780800000)
  to   space 26112K, 0% used [0x0000000786e00000,0x0000000786e00000,0x0000000788780000)
 ParOldGen       total 190464K, used 31272K [0x00000006c0000000, 0x00000006cba00000, 0x000000076ab00000)
  object space 190464K, 16% used [0x00000006c0000000,0x00000006c1e8a040,0x00000006cba00000)
 Metaspace       used 56609K, capacity 58880K, committed 59160K, reserved 1101824K
  class space    used 6957K, capacity 7394K, committed 7472K, reserved 1048576K
}
Event: 352.017 GC heap before
{Heap before GC invocations=15 (full 3):
 PSYoungGen      total 357376K, used 330752K [0x000000076ab00000, 0x0000000788780000, 0x00000007c0000000)
  eden space 330752K, 100% used [0x000000076ab00000,0x000000077ee00000,0x000000077ee00000)
  from space 26624K, 0% used [0x000000077ee00000,0x000000077ee00000,0x0000000780800000)
  to   space 26112K, 0% used [0x0000000786e00000,0x0000000786e00000,0x0000000788780000)
 ParOldGen       total 190464K, used 31272K [0x00000006c0000000, 0x00000006cba00000, 0x000000076ab00000)
  object space 190464K, 16% used [0x00000006c0000000,0x00000006c1e8a040,0x00000006cba00000)
 Metaspace       used 60860K, capacity 63240K, committed 63640K, reserved 1105920K
  class space    used 7345K, capacity 7772K, committed 7856K, reserved 1048576K
Event: 352.027 GC heap after
Heap after GC invocations=15 (full 3):
 PSYoungGen      total 461824K, used 6998K [0x000000076ab00000, 0x0000000788a80000, 0x00000007c0000000)
  eden space 435712K, 0% used [0x000000076ab00000,0x000000076ab00000,0x0000000785480000)
  from space 26112K, 26% used [0x0000000786e00000,0x00000007874d5b80,0x0000000788780000)
  to   space 26112K, 0% used [0x0000000785480000,0x0000000785480000,0x0000000786e00000)
 ParOldGen       total 190464K, used 31280K [0x00000006c0000000, 0x00000006cba00000, 0x000000076ab00000)
  object space 190464K, 16% used [0x00000006c0000000,0x00000006c1e8c040,0x00000006cba00000)
 Metaspace       used 60860K, capacity 63240K, committed 63640K, reserved 1105920K
  class space    used 7345K, capacity 7772K, committed 7856K, reserved 1048576K
}
Event: 749.805 GC heap before
{Heap before GC invocations=16 (full 3):
 PSYoungGen      total 461824K, used 442710K [0x000000076ab00000, 0x0000000788a80000, 0x00000007c0000000)
  eden space 435712K, 100% used [0x000000076ab00000,0x0000000785480000,0x0000000785480000)
  from space 26112K, 26% used [0x0000000786e00000,0x00000007874d5b80,0x0000000788780000)
  to   space 26112K, 0% used [0x0000000785480000,0x0000000785480000,0x0000000786e00000)
 ParOldGen       total 190464K, used 31280K [0x00000006c0000000, 0x00000006cba00000, 0x000000076ab00000)
  object space 190464K, 16% used [0x00000006c0000000,0x00000006c1e8c040,0x00000006cba00000)
 Metaspace       used 61521K, capacity 63920K, committed 64152K, reserved 1105920K
  class space    used 7377K, capacity 7815K, committed 7856K, reserved 1048576K
Event: 749.815 GC heap after
Heap after GC invocations=16 (full 3):
 PSYoungGen      total 461824K, used 4097K [0x000000076ab00000, 0x0000000790180000, 0x00000007c0000000)
  eden space 435712K, 0% used [0x000000076ab00000,0x000000076ab00000,0x0000000785480000)
  from space 26112K, 15% used [0x0000000785480000,0x0000000785880580,0x0000000786e00000)
  to   space 26624K, 0% used [0x000000078e780000,0x000000078e780000,0x0000000790180000)
 ParOldGen       total 190464K, used 33227K [0x00000006c0000000, 0x00000006cba00000, 0x000000076ab00000)
  object space 190464K, 17% used [0x00000006c0000000,0x00000006c2072f80,0x00000006cba00000)
 Metaspace       used 61521K, capacity 63920K, committed 64152K, reserved 1105920K
  class space    used 7377K, capacity 7815K, committed 7856K, reserved 1048576K
}
Event: 1137.592 GC heap before
{Heap before GC invocations=17 (full 3):
 PSYoungGen      total 461824K, used 439809K [0x000000076ab00000, 0x0000000790180000, 0x00000007c0000000)
  eden space 435712K, 100% used [0x000000076ab00000,0x0000000785480000,0x0000000785480000)
  from space 26112K, 15% used [0x0000000785480000,0x0000000785880580,0x0000000786e00000)
  to   space 26624K, 0% used [0x000000078e780000,0x000000078e780000,0x0000000790180000)
 ParOldGen       total 190464K, used 33227K [0x00000006c0000000, 0x00000006cba00000, 0x000000076ab00000)
  object space 190464K, 17% used [0x00000006c0000000,0x00000006c2072f80,0x00000006cba00000)
 Metaspace       used 61880K, capacity 64328K, committed 64408K, reserved 1105920K
  class space    used 7399K, capacity 7851K, committed 7856K, reserved 1048576K
Event: 1137.602 GC heap after
Heap after GC invocations=17 (full 3):
 PSYoungGen      total 549376K, used 5017K [0x000000076ab00000, 0x000000078ef80000, 0x00000007c0000000)
  eden space 541184K, 0% used [0x000000076ab00000,0x000000076ab00000,0x000000078bb80000)
  from space 8192K, 61% used [0x000000078e780000,0x000000078ec66650,0x000000078ef80000)
  to   space 26624K, 0% used [0x000000078bb80000,0x000000078bb80000,0x000000078d580000)
 ParOldGen       total 190464K, used 33235K [0x00000006c0000000, 0x00000006cba00000, 0x000000076ab00000)
  object space 190464K, 17% used [0x00000006c0000000,0x00000006c2074f80,0x00000006cba00000)
 Metaspace       used 61880K, capacity 64328K, committed 64408K, reserved 1105920K
  class space    used 7399K, capacity 7851K, committed 7856K, reserved 1048576K
}
Event: 1663.814 GC heap before
{Heap before GC invocations=18 (full 3):
 PSYoungGen      total 549376K, used 546201K [0x000000076ab00000, 0x000000078ef80000, 0x00000007c0000000)
  eden space 541184K, 100% used [0x000000076ab00000,0x000000078bb80000,0x000000078bb80000)
  from space 8192K, 61% used [0x000000078e780000,0x000000078ec66650,0x000000078ef80000)
  to   space 26624K, 0% used [0x000000078bb80000,0x000000078bb80000,0x000000078d580000)
 ParOldGen       total 190464K, used 33235K [0x00000006c0000000, 0x00000006cba00000, 0x000000076ab00000)
  object space 190464K, 17% used [0x00000006c0000000,0x00000006c2074f80,0x00000006cba00000)
 Metaspace       used 62186K, capacity 64766K, committed 65048K, reserved 1105920K
  class space    used 7410K, capacity 7860K, committed 7984K, reserved 1048576K
Event: 1663.825 GC heap after
Heap after GC invocations=18 (full 3):
 PSYoungGen      total 567808K, used 5939K [0x000000076ab00000, 0x0000000795900000, 0x00000007c0000000)
  eden space 541184K, 0% used [0x000000076ab00000,0x000000076ab00000,0x000000078bb80000)
  from space 26624K, 22% used [0x000000078bb80000,0x000000078c14cfe0,0x000000078d580000)
  to   space 26112K, 0% used [0x0000000793f80000,0x0000000793f80000,0x0000000795900000)
 ParOldGen       total 190464K, used 33243K [0x00000006c0000000, 0x00000006cba00000, 0x000000076ab00000)
  object space 190464K, 17% used [0x00000006c0000000,0x00000006c2076f80,0x00000006cba00000)
 Metaspace       used 62186K, capacity 64766K, committed 65048K, reserved 1105920K
  class space    used 7410K, capacity 7860K, committed 7984K, reserved 1048576K
}

