# JRE version: Java(TM) SE Runtime Environment (8.0_181-b13) (build 1.8.0_181-b13)
# Java VM: Java HotSpot(TM) 64-Bit Server VM (25.181-b13 mixed mode windows-amd64 compressed oops)
Heap:
 PSYoungGen      total 537088K, used 305453K [0x000000076ab00000, 0x0000000796c80000, 0x00000007c0000000)
  eden space 500736K, 61% used [0x000000076ab00000,0x000000077d54b768,0x0000000789400000)
  from space 36352K, 0% used [0x0000000789400000,0x0000000789400000,0x000000078b780000)
  to   space 34816K, 0% used [0x0000000794a80000,0x0000000794a80000,0x0000000796c80000)
 ParOldGen       total 205824K, used 28904K [0x00000006c0000000, 0x00000006cc900000, 0x000000076ab00000)
  object space 205824K, 14% used [0x00000006c0000000,0x00000006c1c3a370,0x00000006cc900000)
 Metaspace       used 60458K, capacity 62732K, committed 63152K, reserved 1103872K
  class space    used 7349K, capacity 7771K, committed 7856K, reserved 1048576K
GC Heap History (10 events):
Event: 8.214 GC heap before
{Heap before GC invocations=8 (full 1):
 PSYoungGen      total 345600K, used 64782K [0x000000076ab00000, 0x0000000788100000, 0x00000007c0000000)
  eden space 320512K, 12% used [0x000000076ab00000,0x000000076d1c4c40,0x000000077e400000)
  from space 25088K, 99% used [0x0000000780800000,0x000000078207ec50,0x0000000782080000)
  to   space 36864K, 0% used [0x000000077e400000,0x000000077e400000,0x0000000780800000)
 ParOldGen       total 99328K, used 38383K [0x00000006c0000000, 0x00000006c6100000, 0x000000076ab00000)
  object space 99328K, 38% used [0x00000006c0000000,0x00000006c257bef8,0x00000006c6100000)
 Metaspace       used 33834K, capacity 35384K, committed 35496K, reserved 1081344K
  class space    used 4333K, capacity 4644K, committed 4656K, reserved 1048576K
Event: 8.239 GC heap after
Heap after GC invocations=8 (full 1):
 PSYoungGen      total 357376K, used 20957K [0x000000076ab00000, 0x000000078df80000, 0x00000007c0000000)
  eden space 320512K, 0% used [0x000000076ab00000,0x000000076ab00000,0x000000077e400000)
  from space 36864K, 56% used [0x000000077e400000,0x000000077f8776b0,0x0000000780800000)
  to   space 35840K, 0% used [0x000000078bc80000,0x000000078bc80000,0x000000078df80000)
 ParOldGen       total 99328K, used 38391K [0x00000006c0000000, 0x00000006c6100000, 0x000000076ab00000)
  object space 99328K, 38% used [0x00000006c0000000,0x00000006c257def8,0x00000006c6100000)
 Metaspace       used 33834K, capacity 35384K, committed 35496K, reserved 1081344K
  class space    used 4333K, capacity 4644K, committed 4656K, reserved 1048576K
}
Event: 8.239 GC heap before
{Heap before GC invocations=9 (full 2):
 PSYoungGen      total 357376K, used 20957K [0x000000076ab00000, 0x000000078df80000, 0x00000007c0000000)
  eden space 320512K, 0% used [0x000000076ab00000,0x000000076ab00000,0x000000077e400000)
  from space 36864K, 56% used [0x000000077e400000,0x000000077f8776b0,0x0000000780800000)
  to   space 35840K, 0% used [0x000000078bc80000,0x000000078bc80000,0x000000078df80000)
 ParOldGen       total 99328K, used 38391K [0x00000006c0000000, 0x00000006c6100000, 0x000000076ab00000)
  object space 99328K, 38% used [0x00000006c0000000,0x00000006c257def8,0x00000006c6100000)
 Metaspace       used 33834K, capacity 35384K, committed 35496K, reserved 1081344K
  class space    used 4333K, capacity 4644K, committed 4656K, reserved 1048576K
Event: 8.357 GC heap after
Heap after GC invocations=9 (full 2):
 PSYoungGen      total 357376K, used 0K [0x000000076ab00000, 0x000000078df80000, 0x00000007c0000000)
  eden space 320512K, 0% used [0x000000076ab00000,0x000000076ab00000,0x000000077e400000)
  from space 36864K, 0% used [0x000000077e400000,0x000000077e400000,0x0000000780800000)
  to   space 35840K, 0% used [0x000000078bc80000,0x000000078bc80000,0x000000078df80000)
 ParOldGen       total 168960K, used 27638K [0x00000006c0000000, 0x00000006ca500000, 0x000000076ab00000)
  object space 168960K, 16% used [0x00000006c0000000,0x00000006c1afdb08,0x00000006ca500000)
 Metaspace       used 33834K, capacity 35384K, committed 35496K, reserved 1081344K
  class space    used 4333K, capacity 4644K, committed 4656K, reserved 1048576K
}
Event: 12.859 GC heap before
{Heap before GC invocations=10 (full 2):
 PSYoungGen      total 357376K, used 320512K [0x000000076ab00000, 0x000000078df80000, 0x00000007c0000000)
  eden space 320512K, 100% used [0x000000076ab00000,0x000000077e400000,0x000000077e400000)
  from space 36864K, 0% used [0x000000077e400000,0x000000077e400000,0x0000000780800000)
  to   space 35840K, 0% used [0x000000078bc80000,0x000000078bc80000,0x000000078df80000)
 ParOldGen       total 168960K, used 27638K [0x00000006c0000000, 0x00000006ca500000, 0x000000076ab00000)
  object space 168960K, 16% used [0x00000006c0000000,0x00000006c1afdb08,0x00000006ca500000)
 Metaspace       used 52473K, capacity 54710K, committed 55088K, reserved 1097728K
  class space    used 6683K, capacity 7125K, committed 7216K, reserved 1048576K
Event: 12.897 GC heap after
Heap after GC invocations=10 (full 2):
 PSYoungGen      total 531968K, used 24072K [0x000000076ab00000, 0x000000078db00000, 0x00000007c0000000)
  eden space 500736K, 0% used [0x000000076ab00000,0x000000076ab00000,0x0000000789400000)
  from space 31232K, 77% used [0x000000078bc80000,0x000000078d402260,0x000000078db00000)
  to   space 36352K, 0% used [0x0000000789400000,0x0000000789400000,0x000000078b780000)
 ParOldGen       total 168960K, used 27646K [0x00000006c0000000, 0x00000006ca500000, 0x000000076ab00000)
  object space 168960K, 16% used [0x00000006c0000000,0x00000006c1affb08,0x00000006ca500000)
 Metaspace       used 52473K, capacity 54710K, committed 55088K, reserved 1097728K
  class space    used 6683K, capacity 7125K, committed 7216K, reserved 1048576K
}
Event: 17.258 GC heap before
{Heap before GC invocations=11 (full 2):
 PSYoungGen      total 531968K, used 149023K [0x000000076ab00000, 0x000000078db00000, 0x00000007c0000000)
  eden space 500736K, 24% used [0x000000076ab00000,0x0000000772505c30,0x0000000789400000)
  from space 31232K, 77% used [0x000000078bc80000,0x000000078d402260,0x000000078db00000)
  to   space 36352K, 0% used [0x0000000789400000,0x0000000789400000,0x000000078b780000)
 ParOldGen       total 168960K, used 27646K [0x00000006c0000000, 0x00000006ca500000, 0x000000076ab00000)
  object space 168960K, 16% used [0x00000006c0000000,0x00000006c1affb08,0x00000006ca500000)
 Metaspace       used 56677K, capacity 58920K, committed 59160K, reserved 1101824K
  class space    used 7139K, capacity 7556K, committed 7600K, reserved 1048576K
Event: 17.282 GC heap after
Heap after GC invocations=11 (full 2):
 PSYoungGen      total 537088K, used 16799K [0x000000076ab00000, 0x0000000796c80000, 0x00000007c0000000)
  eden space 500736K, 0% used [0x000000076ab00000,0x000000076ab00000,0x0000000789400000)
  from space 36352K, 46% used [0x0000000789400000,0x000000078a467d48,0x000000078b780000)
  to   space 34816K, 0% used [0x0000000794a80000,0x0000000794a80000,0x0000000796c80000)
 ParOldGen       total 168960K, used 27654K [0x00000006c0000000, 0x00000006ca500000, 0x000000076ab00000)
  object space 168960K, 16% used [0x00000006c0000000,0x00000006c1b01b08,0x00000006ca500000)
 Metaspace       used 56677K, capacity 58920K, committed 59160K, reserved 1101824K
  class space    used 7139K, capacity 7556K, committed 7600K, reserved 1048576K
}
Event: 17.282 GC heap before
{Heap before GC invocations=12 (full 3):
 PSYoungGen      total 537088K, used 16799K [0x000000076ab00000, 0x0000000796c80000, 0x00000007c0000000)
  eden space 500736K, 0% used [0x000000076ab00000,0x000000076ab00000,0x0000000789400000)
  from space 36352K, 46% used [0x0000000789400000,0x000000078a467d48,0x000000078b780000)
  to   space 34816K, 0% used [0x0000000794a80000,0x0000000794a80000,0x0000000796c80000)
 ParOldGen       total 168960K, used 27654K [0x00000006c0000000, 0x00000006ca500000, 0x000000076ab00000)
  object space 168960K, 16% used [0x00000006c0000000,0x00000006c1b01b08,0x00000006ca500000)
 Metaspace       used 56677K, capacity 58920K, committed 59160K, reserved 1101824K
  class space    used 7139K, capacity 7556K, committed 7600K, reserved 1048576K
Event: 17.461 GC heap after
Heap after GC invocations=12 (full 3):
 PSYoungGen      total 537088K, used 0K [0x000000076ab00000, 0x0000000796c80000, 0x00000007c0000000)
  eden space 500736K, 0% used [0x000000076ab00000,0x000000076ab00000,0x0000000789400000)
  from space 36352K, 0% used [0x0000000789400000,0x0000000789400000,0x000000078b780000)
  to   space 34816K, 0% used [0x0000000794a80000,0x0000000794a80000,0x0000000796c80000)
 ParOldGen       total 205824K, used 28904K [0x00000006c0000000, 0x00000006cc900000, 0x000000076ab00000)
  object space 205824K, 14% used [0x00000006c0000000,0x00000006c1c3a370,0x00000006cc900000)
 Metaspace       used 56677K, capacity 58920K, committed 59160K, reserved 1101824K
  class space    used 7139K, capacity 7556K, committed 7600K, reserved 1048576K
}

